2024-12-21T21:04:33.716+03:00  INFO 54583 --- [main] .s.d.r.c.RepositoryConfigurationDelegate : Multiple Spring Data modules found, entering strict repository configuration mode
2024-12-21T21:04:33.753+03:00  INFO 54583 --- [main] .s.d.r.c.RepositoryConfigurationDelegate : Bootstrapping Spring Data JPA repositories in DEFAULT mode.
2024-12-21T21:04:36.898+03:00  INFO 54583 --- [main] .s.d.r.c.RepositoryConfigurationDelegate : Finished Spring Data repository scanning in 3019 ms. Found 2 JPA repository interfaces.
2024-12-21T21:04:37.282+03:00  INFO 54583 --- [main] .s.d.r.c.RepositoryConfigurationDelegate : Multiple Spring Data modules found, entering strict repository configuration mode
2024-12-21T21:04:37.288+03:00  INFO 54583 --- [main] .s.d.r.c.RepositoryConfigurationDelegate : Bootstrapping Spring Data Redis repositories in DEFAULT mode.
2024-12-21T21:04:37.814+03:00  INFO 54583 --- [main] .RepositoryConfigurationExtensionSupport : Spring Data Redis - Could not safely identify store assignment for repository candidate interface veb.cinema.demo.repositories.UserRepository; If you want this repository to be a Redis repository, consider annotating your entities with one of these annotations: org.springframework.data.redis.core.RedisHash (preferred), or consider extending one of the following types with your repository: org.springframework.data.keyvalue.repository.KeyValueRepository
2024-12-21T21:04:37.816+03:00  INFO 54583 --- [main] .RepositoryConfigurationExtensionSupport : Spring Data Redis - Could not safely identify store assignment for repository candidate interface veb.cinema.demo.repositories.UserRoleRepository; If you want this repository to be a Redis repository, consider annotating your entities with one of these annotations: org.springframework.data.redis.core.RedisHash (preferred), or consider extending one of the following types with your repository: org.springframework.data.keyvalue.repository.KeyValueRepository
2024-12-21T21:04:37.817+03:00  INFO 54583 --- [main] .s.d.r.c.RepositoryConfigurationDelegate : Finished Spring Data repository scanning in 343 ms. Found 0 Redis repository interfaces.
2024-12-21T21:04:53.309+03:00  INFO 54583 --- [main] o.s.b.w.embedded.tomcat.TomcatWebServer  : Tomcat initialized with port 8080 (http)
2024-12-21T21:04:54.780+03:00  INFO 54583 --- [main] w.s.c.ServletWebServerApplicationContext : Root WebApplicationContext: initialization completed in 40677 ms
2024-12-21T21:05:05.884+03:00  INFO 54583 --- [main] o.s.o.j.p.SpringPersistenceUnitInfo      : No LoadTimeWeaver setup: ignoring JPA class transformer
2024-12-21T21:05:10.425+03:00  WARN 54583 --- [main] org.hibernate.orm.deprecation            : HHH90000025: PostgreSQLDialect does not need to be specified explicitly using 'hibernate.dialect' (remove the property setting and it will be selected by default)
2024-12-21T21:05:11.452+03:00 DEBUG 54583 --- [main] o.h.t.d.sql.spi.DdlTypeRegistry          : addDescriptor(2003, org.hibernate.type.descriptor.sql.internal.ArrayDdlTypeImpl@77307b51) replaced previous registration(org.hibernate.type.descriptor.sql.internal.ArrayDdlTypeImpl@48d464cf)
2024-12-21T21:05:11.452+03:00 DEBUG 54583 --- [main] o.h.t.d.sql.spi.DdlTypeRegistry          : addDescriptor(6, org.hibernate.type.descriptor.sql.internal.CapacityDependentDdlType@1e14b269) replaced previous registration(org.hibernate.type.descriptor.sql.internal.DdlTypeImpl@68543a35)
2024-12-21T21:05:11.459+03:00 DEBUG 54583 --- [main] o.h.t.d.jdbc.spi.JdbcTypeRegistry        : addDescriptor(2004, BlobTypeDescriptor(BLOB_BINDING)) replaced previous registration(BlobTypeDescriptor(DEFAULT))
2024-12-21T21:05:11.462+03:00 DEBUG 54583 --- [main] o.h.t.d.jdbc.spi.JdbcTypeRegistry        : addDescriptor(2005, ClobTypeDescriptor(CLOB_BINDING)) replaced previous registration(ClobTypeDescriptor(DEFAULT))
2024-12-21T21:05:59.375+03:00  INFO 54583 --- [main] j.LocalContainerEntityManagerFactoryBean : Initialized JPA EntityManagerFactory for persistence unit 'default'
2024-12-21T21:06:16.455+03:00  WARN 54583 --- [main] JpaBaseConfiguration$JpaWebConfiguration : spring.jpa.open-in-view is enabled by default. Therefore, database queries may be performed during view rendering. Explicitly configure spring.jpa.open-in-view to disable this warning
2024-12-21T21:06:17.447+03:00  INFO 54583 --- [main] r$InitializeUserDetailsManagerConfigurer : Global AuthenticationManager configured with UserDetailsService bean with name userDetailsService
2024-12-21T21:06:19.137+03:00  INFO 54583 --- [main] o.s.b.a.w.s.WelcomePageHandlerMapping    : Adding welcome page template: index
2024-12-21T21:06:29.038+03:00  INFO 54583 --- [main] o.s.b.a.e.web.EndpointLinksResolver      : Exposing 1 endpoint beneath base path '/actuator'
2024-12-21T21:06:43.162+03:00  INFO 54583 --- [main] o.s.b.w.embedded.tomcat.TomcatWebServer  : Tomcat started on port 8080 (http) with context path '/'
2024-12-21T21:06:48.344+03:00 DEBUG 54583 --- [main] org.hibernate.SQL                        : 
    select
        count(*) 
    from
        roles r1_0
2024-12-21T21:06:48.806+03:00 DEBUG 54583 --- [main] org.hibernate.SQL                        : 
    select
        count(*) 
    from
        users u1_0
2024-12-21T21:06:50.745+03:00  INFO 54583 --- [http-nio-8080-exec-1] o.s.web.servlet.DispatcherServlet        : Initializing Servlet 'dispatcherServlet'
2024-12-21T21:06:50.756+03:00  INFO 54583 --- [http-nio-8080-exec-1] o.s.web.servlet.DispatcherServlet        : Completed initialization in 9 ms
2024-12-21T21:06:53.675+03:00  WARN 54583 --- [http-nio-8080-exec-1] actStandardFragmentInsertionTagProcessor : [THYMELEAF][http-nio-8080-exec-1][index] Deprecated unwrapped fragment expression "fragments/head" found in template index, line 3, col 7. Please use the complete syntax of fragment expressions instead ("~{fragments/head}"). The old, unwrapped syntax for fragment expressions will be removed in future versions of Thymeleaf.
2024-12-21T21:06:54.789+03:00  WARN 54583 --- [http-nio-8080-exec-1] actStandardFragmentInsertionTagProcessor : [THYMELEAF][http-nio-8080-exec-1][index] Deprecated unwrapped fragment expression "fragments/navbar" found in template index, line 7, col 6. Please use the complete syntax of fragment expressions instead ("~{fragments/navbar}"). The old, unwrapped syntax for fragment expressions will be removed in future versions of Thymeleaf.
2024-12-21T21:06:55.270+03:00  WARN 54583 --- [http-nio-8080-exec-1] actStandardFragmentInsertionTagProcessor : [THYMELEAF][http-nio-8080-exec-1][index] Deprecated unwrapped fragment expression "fragments/footer" found in template index, line 26, col 9. Please use the complete syntax of fragment expressions instead ("~{fragments/footer}"). The old, unwrapped syntax for fragment expressions will be removed in future versions of Thymeleaf.
2024-12-21T21:38:39.592+03:00  INFO 54583 --- [SpringApplicationShutdownHook] j.LocalContainerEntityManagerFactoryBean : Closing JPA EntityManagerFactory for persistence unit 'default'
2024-12-21T21:39:45.978+03:00  INFO 55791 --- [main] .s.d.r.c.RepositoryConfigurationDelegate : Multiple Spring Data modules found, entering strict repository configuration mode
2024-12-21T21:39:45.988+03:00  INFO 55791 --- [main] .s.d.r.c.RepositoryConfigurationDelegate : Bootstrapping Spring Data JPA repositories in DEFAULT mode.
2024-12-21T21:39:46.794+03:00  INFO 55791 --- [main] .s.d.r.c.RepositoryConfigurationDelegate : Finished Spring Data repository scanning in 776 ms. Found 2 JPA repository interfaces.
2024-12-21T21:39:46.853+03:00  INFO 55791 --- [main] .s.d.r.c.RepositoryConfigurationDelegate : Multiple Spring Data modules found, entering strict repository configuration mode
2024-12-21T21:39:46.858+03:00  INFO 55791 --- [main] .s.d.r.c.RepositoryConfigurationDelegate : Bootstrapping Spring Data Redis repositories in DEFAULT mode.
2024-12-21T21:39:46.932+03:00  INFO 55791 --- [main] .RepositoryConfigurationExtensionSupport : Spring Data Redis - Could not safely identify store assignment for repository candidate interface veb.cinema.demo.repositories.UserRepository; If you want this repository to be a Redis repository, consider annotating your entities with one of these annotations: org.springframework.data.redis.core.RedisHash (preferred), or consider extending one of the following types with your repository: org.springframework.data.keyvalue.repository.KeyValueRepository
2024-12-21T21:39:46.933+03:00  INFO 55791 --- [main] .RepositoryConfigurationExtensionSupport : Spring Data Redis - Could not safely identify store assignment for repository candidate interface veb.cinema.demo.repositories.UserRoleRepository; If you want this repository to be a Redis repository, consider annotating your entities with one of these annotations: org.springframework.data.redis.core.RedisHash (preferred), or consider extending one of the following types with your repository: org.springframework.data.keyvalue.repository.KeyValueRepository
2024-12-21T21:39:46.934+03:00  INFO 55791 --- [main] .s.d.r.c.RepositoryConfigurationDelegate : Finished Spring Data repository scanning in 48 ms. Found 0 Redis repository interfaces.
2024-12-21T21:39:51.113+03:00  INFO 55791 --- [main] o.s.b.w.embedded.tomcat.TomcatWebServer  : Tomcat initialized with port 8080 (http)
2024-12-21T21:39:51.541+03:00  INFO 55791 --- [main] w.s.c.ServletWebServerApplicationContext : Root WebApplicationContext: initialization completed in 9943 ms
2024-12-21T21:39:54.026+03:00  INFO 55791 --- [main] o.s.o.j.p.SpringPersistenceUnitInfo      : No LoadTimeWeaver setup: ignoring JPA class transformer
2024-12-21T21:39:55.200+03:00  WARN 55791 --- [main] org.hibernate.orm.deprecation            : HHH90000025: PostgreSQLDialect does not need to be specified explicitly using 'hibernate.dialect' (remove the property setting and it will be selected by default)
2024-12-21T21:39:55.307+03:00 DEBUG 55791 --- [main] o.h.t.d.sql.spi.DdlTypeRegistry          : addDescriptor(2003, org.hibernate.type.descriptor.sql.internal.ArrayDdlTypeImpl@69cb134) replaced previous registration(org.hibernate.type.descriptor.sql.internal.ArrayDdlTypeImpl@125124ea)
2024-12-21T21:39:55.308+03:00 DEBUG 55791 --- [main] o.h.t.d.sql.spi.DdlTypeRegistry          : addDescriptor(6, org.hibernate.type.descriptor.sql.internal.CapacityDependentDdlType@314c6f89) replaced previous registration(org.hibernate.type.descriptor.sql.internal.DdlTypeImpl@31450fc0)
2024-12-21T21:39:55.343+03:00 DEBUG 55791 --- [main] o.h.t.d.jdbc.spi.JdbcTypeRegistry        : addDescriptor(2004, BlobTypeDescriptor(BLOB_BINDING)) replaced previous registration(BlobTypeDescriptor(DEFAULT))
2024-12-21T21:39:55.345+03:00 DEBUG 55791 --- [main] o.h.t.d.jdbc.spi.JdbcTypeRegistry        : addDescriptor(2005, ClobTypeDescriptor(CLOB_BINDING)) replaced previous registration(ClobTypeDescriptor(DEFAULT))
2024-12-21T21:40:03.115+03:00  INFO 55791 --- [main] j.LocalContainerEntityManagerFactoryBean : Initialized JPA EntityManagerFactory for persistence unit 'default'
2024-12-21T21:40:12.900+03:00  WARN 55791 --- [main] JpaBaseConfiguration$JpaWebConfiguration : spring.jpa.open-in-view is enabled by default. Therefore, database queries may be performed during view rendering. Explicitly configure spring.jpa.open-in-view to disable this warning
2024-12-21T21:40:13.738+03:00  INFO 55791 --- [main] r$InitializeUserDetailsManagerConfigurer : Global AuthenticationManager configured with UserDetailsService bean with name userDetailsService
2024-12-21T21:40:14.187+03:00  INFO 55791 --- [main] o.s.b.a.w.s.WelcomePageHandlerMapping    : Adding welcome page template: index
2024-12-21T21:40:18.214+03:00  INFO 55791 --- [main] o.s.b.a.e.web.EndpointLinksResolver      : Exposing 1 endpoint beneath base path '/actuator'
2024-12-21T21:40:26.779+03:00  INFO 55791 --- [main] o.s.b.w.embedded.tomcat.TomcatWebServer  : Tomcat started on port 8080 (http) with context path '/'
2024-12-21T21:40:29.344+03:00 DEBUG 55791 --- [main] org.hibernate.SQL                        : 
    select
        count(*) 
    from
        roles r1_0
2024-12-21T21:40:29.440+03:00 DEBUG 55791 --- [main] org.hibernate.SQL                        : 
    select
        count(*) 
    from
        users u1_0
2024-12-21T21:40:32.814+03:00  INFO 55791 --- [http-nio-8080-exec-1] o.s.web.servlet.DispatcherServlet        : Initializing Servlet 'dispatcherServlet'
2024-12-21T21:40:32.824+03:00  INFO 55791 --- [http-nio-8080-exec-1] o.s.web.servlet.DispatcherServlet        : Completed initialization in 7 ms
2024-12-21T21:40:36.095+03:00  WARN 55791 --- [http-nio-8080-exec-1] actStandardFragmentInsertionTagProcessor : [THYMELEAF][http-nio-8080-exec-1][index] Deprecated unwrapped fragment expression "fragments/head" found in template index, line 3, col 7. Please use the complete syntax of fragment expressions instead ("~{fragments/head}"). The old, unwrapped syntax for fragment expressions will be removed in future versions of Thymeleaf.
2024-12-21T21:40:36.854+03:00  WARN 55791 --- [http-nio-8080-exec-1] actStandardFragmentInsertionTagProcessor : [THYMELEAF][http-nio-8080-exec-1][index] Deprecated unwrapped fragment expression "fragments/navbar" found in template index, line 7, col 6. Please use the complete syntax of fragment expressions instead ("~{fragments/navbar}"). The old, unwrapped syntax for fragment expressions will be removed in future versions of Thymeleaf.
2024-12-21T21:40:37.002+03:00  WARN 55791 --- [http-nio-8080-exec-1] actStandardFragmentInsertionTagProcessor : [THYMELEAF][http-nio-8080-exec-1][index] Deprecated unwrapped fragment expression "fragments/footer" found in template index, line 26, col 9. Please use the complete syntax of fragment expressions instead ("~{fragments/footer}"). The old, unwrapped syntax for fragment expressions will be removed in future versions of Thymeleaf.
2024-12-21T21:40:54.550+03:00  WARN 55791 --- [http-nio-8080-exec-3] actStandardFragmentInsertionTagProcessor : [THYMELEAF][http-nio-8080-exec-3][index] Deprecated unwrapped fragment expression "fragments/head" found in template index, line 3, col 7. Please use the complete syntax of fragment expressions instead ("~{fragments/head}"). The old, unwrapped syntax for fragment expressions will be removed in future versions of Thymeleaf.
2024-12-21T21:40:54.568+03:00  WARN 55791 --- [http-nio-8080-exec-3] actStandardFragmentInsertionTagProcessor : [THYMELEAF][http-nio-8080-exec-3][index] Deprecated unwrapped fragment expression "fragments/navbar" found in template index, line 7, col 6. Please use the complete syntax of fragment expressions instead ("~{fragments/navbar}"). The old, unwrapped syntax for fragment expressions will be removed in future versions of Thymeleaf.
2024-12-21T21:40:54.740+03:00  WARN 55791 --- [http-nio-8080-exec-3] actStandardFragmentInsertionTagProcessor : [THYMELEAF][http-nio-8080-exec-3][index] Deprecated unwrapped fragment expression "fragments/footer" found in template index, line 26, col 9. Please use the complete syntax of fragment expressions instead ("~{fragments/footer}"). The old, unwrapped syntax for fragment expressions will be removed in future versions of Thymeleaf.
2024-12-21T21:40:56.317+03:00  WARN 55791 --- [http-nio-8080-exec-5] actStandardFragmentInsertionTagProcessor : [THYMELEAF][http-nio-8080-exec-5][index] Deprecated unwrapped fragment expression "fragments/head" found in template index, line 3, col 7. Please use the complete syntax of fragment expressions instead ("~{fragments/head}"). The old, unwrapped syntax for fragment expressions will be removed in future versions of Thymeleaf.
2024-12-21T21:40:56.318+03:00  WARN 55791 --- [http-nio-8080-exec-5] actStandardFragmentInsertionTagProcessor : [THYMELEAF][http-nio-8080-exec-5][index] Deprecated unwrapped fragment expression "fragments/navbar" found in template index, line 7, col 6. Please use the complete syntax of fragment expressions instead ("~{fragments/navbar}"). The old, unwrapped syntax for fragment expressions will be removed in future versions of Thymeleaf.
2024-12-21T21:40:56.367+03:00  WARN 55791 --- [http-nio-8080-exec-5] actStandardFragmentInsertionTagProcessor : [THYMELEAF][http-nio-8080-exec-5][index] Deprecated unwrapped fragment expression "fragments/footer" found in template index, line 26, col 9. Please use the complete syntax of fragment expressions instead ("~{fragments/footer}"). The old, unwrapped syntax for fragment expressions will be removed in future versions of Thymeleaf.
2024-12-21T21:40:56.505+03:00  WARN 55791 --- [http-nio-8080-exec-6] actStandardFragmentInsertionTagProcessor : [THYMELEAF][http-nio-8080-exec-6][index] Deprecated unwrapped fragment expression "fragments/head" found in template index, line 3, col 7. Please use the complete syntax of fragment expressions instead ("~{fragments/head}"). The old, unwrapped syntax for fragment expressions will be removed in future versions of Thymeleaf.
2024-12-21T21:40:56.507+03:00  WARN 55791 --- [http-nio-8080-exec-6] actStandardFragmentInsertionTagProcessor : [THYMELEAF][http-nio-8080-exec-6][index] Deprecated unwrapped fragment expression "fragments/navbar" found in template index, line 7, col 6. Please use the complete syntax of fragment expressions instead ("~{fragments/navbar}"). The old, unwrapped syntax for fragment expressions will be removed in future versions of Thymeleaf.
2024-12-21T21:40:56.522+03:00  WARN 55791 --- [http-nio-8080-exec-6] actStandardFragmentInsertionTagProcessor : [THYMELEAF][http-nio-8080-exec-6][index] Deprecated unwrapped fragment expression "fragments/footer" found in template index, line 26, col 9. Please use the complete syntax of fragment expressions instead ("~{fragments/footer}"). The old, unwrapped syntax for fragment expressions will be removed in future versions of Thymeleaf.
2024-12-21T21:40:59.092+03:00  WARN 55791 --- [http-nio-8080-exec-8] o.a.c.util.SessionIdGeneratorBase        : Creation of SecureRandom instance for session ID generation using [SHA1PRNG] took [238] milliseconds.
2024-12-21T21:40:59.873+03:00  WARN 55791 --- [http-nio-8080-exec-9] actStandardFragmentInsertionTagProcessor : [THYMELEAF][http-nio-8080-exec-9][login] Deprecated unwrapped fragment expression "fragments/head" found in template login, line 3, col 7. Please use the complete syntax of fragment expressions instead ("~{fragments/head}"). The old, unwrapped syntax for fragment expressions will be removed in future versions of Thymeleaf.
2024-12-21T21:40:59.903+03:00  WARN 55791 --- [http-nio-8080-exec-9] actStandardFragmentInsertionTagProcessor : [THYMELEAF][http-nio-8080-exec-9][login] Deprecated unwrapped fragment expression "fragments/navbar" found in template login, line 5, col 6. Please use the complete syntax of fragment expressions instead ("~{fragments/navbar}"). The old, unwrapped syntax for fragment expressions will be removed in future versions of Thymeleaf.
2024-12-21T21:41:00.135+03:00  WARN 55791 --- [http-nio-8080-exec-9] actStandardFragmentInsertionTagProcessor : [THYMELEAF][http-nio-8080-exec-9][login] Deprecated unwrapped fragment expression "fragments/footer" found in template login, line 42, col 9. Please use the complete syntax of fragment expressions instead ("~{fragments/footer}"). The old, unwrapped syntax for fragment expressions will be removed in future versions of Thymeleaf.
2024-12-21T21:41:01.415+03:00  WARN 55791 --- [http-nio-8080-exec-1] actStandardFragmentInsertionTagProcessor : [THYMELEAF][http-nio-8080-exec-1][index] Deprecated unwrapped fragment expression "fragments/head" found in template index, line 3, col 7. Please use the complete syntax of fragment expressions instead ("~{fragments/head}"). The old, unwrapped syntax for fragment expressions will be removed in future versions of Thymeleaf.
2024-12-21T21:41:01.432+03:00  WARN 55791 --- [http-nio-8080-exec-1] actStandardFragmentInsertionTagProcessor : [THYMELEAF][http-nio-8080-exec-1][index] Deprecated unwrapped fragment expression "fragments/navbar" found in template index, line 7, col 6. Please use the complete syntax of fragment expressions instead ("~{fragments/navbar}"). The old, unwrapped syntax for fragment expressions will be removed in future versions of Thymeleaf.
2024-12-21T21:41:01.474+03:00  WARN 55791 --- [http-nio-8080-exec-1] actStandardFragmentInsertionTagProcessor : [THYMELEAF][http-nio-8080-exec-1][index] Deprecated unwrapped fragment expression "fragments/footer" found in template index, line 26, col 9. Please use the complete syntax of fragment expressions instead ("~{fragments/footer}"). The old, unwrapped syntax for fragment expressions will be removed in future versions of Thymeleaf.
2024-12-21T21:42:02.190+03:00  INFO 55791 --- [SpringApplicationShutdownHook] j.LocalContainerEntityManagerFactoryBean : Closing JPA EntityManagerFactory for persistence unit 'default'
